#
# There is insufficient memory for the Java Runtime Environment to continue.
# Native memory allocation (malloc) failed to allocate 1562640 bytes for Chunk::new
# Possible reasons:
#   The system is out of physical RAM or swap space
#   The process is running with CompressedOops enabled, and the Java Heap may be blocking the growth of the native heap
# Possible solutions:
#   Reduce memory load on the system
#   Increase physical memory or swap space
#   Check if swap backing store is full
#   Decrease Java heap size (-Xmx/-Xms)
#   Decrease number of Java threads
#   Decrease Java thread stack sizes (-Xss)
#   Set larger code cache with -XX:ReservedCodeCacheSize=
#   JVM is running with Zero Based Compressed Oops mode in which the Java heap is
#     placed in the first 32GB address space. The Java Heap base address is the
#     maximum limit for the native heap growth. Please use -XX:HeapBaseMinAddress
#     to set the Java Heap base and to place the Java Heap above 32GB virtual address.
# This output file may be truncated or incomplete.
#
#  Out of Memory Error (allocation.cpp:389), pid=2132, tid=0x0000000000002e58
#
# JRE version: Java(TM) SE Runtime Environment (8.0_221-b11) (build 1.8.0_221-b11)
# Java VM: Java HotSpot(TM) 64-Bit Server VM (25.221-b11 mixed mode windows-amd64 compressed oops)
# Failed to write core dump. Minidumps are not enabled by default on client versions of Windows
#

---------------  T H R E A D  ---------------

Current thread (0x000000001f831000):  JavaThread "C2 CompilerThread1" daemon [_thread_in_native, id=11864, stack(0x0000000020200000,0x0000000020300000)]

Stack: [0x0000000020200000,0x0000000020300000]
[error occurred during error reporting (printing stack bounds), id 0xc0000005]

Native frames: (J=compiled Java code, j=interpreted, Vv=VM code, C=native code)


Current CompileTask:
C2:  76813 4591   !   4       com.sun.beans.TypeResolver::resolve (274 bytes)


---------------  P R O C E S S  ---------------

Java Threads: ( => current thread )
  0x0000000023796000 JavaThread "Cache worker for Build Output Cleanup Cache (E:\workspace\reactnative\servatafarinan\android\.gradle\buildOutputCleanup)" [_thread_blocked, id=13084, stack(0x000000002abb0000,0x000000002acb0000)]
  0x0000000023794000 JavaThread "Build operations Thread 8" [_thread_blocked, id=8096, stack(0x000000002a4b0000,0x000000002a5b0000)]
  0x0000000023792800 JavaThread "Build operations Thread 7" [_thread_blocked, id=15156, stack(0x000000002a3b0000,0x000000002a4b0000)]
  0x000000002378c800 JavaThread "Build operations Thread 6" [_thread_blocked, id=10944, stack(0x000000002a2b0000,0x000000002a3b0000)]
  0x0000000023791800 JavaThread "Build operations Thread 5" [_thread_blocked, id=460, stack(0x000000002a1b0000,0x000000002a2b0000)]
  0x000000002378e800 JavaThread "Build operations Thread 4" [_thread_blocked, id=2504, stack(0x000000002a0b0000,0x000000002a1b0000)]
  0x0000000023791000 JavaThread "Build operations Thread 3" [_thread_blocked, id=7556, stack(0x0000000029fb0000,0x000000002a0b0000)]
  0x000000002378e000 JavaThread "Build operations Thread 2" [_thread_blocked, id=4776, stack(0x0000000029eb0000,0x0000000029fb0000)]
  0x0000000023790000 JavaThread "Build operations" [_thread_blocked, id=14568, stack(0x00000000010b0000,0x00000000011b0000)]
  0x00000000217e2800 JavaThread "Cache worker for execution history cache (C:\Users\Mohammad\.gradle\caches\6.2\executionHistory)" [_thread_blocked, id=13912, stack(0x0000000026ec0000,0x0000000026fc0000)]
  0x00000000217e1000 JavaThread "Cache worker for cache directory md-rule (C:\Users\Mohammad\.gradle\caches\6.2\md-rule)" [_thread_blocked, id=10048, stack(0x0000000026dc0000,0x0000000026ec0000)]
  0x00000000217e3000 JavaThread "Cache worker for cache directory md-supplier (C:\Users\Mohammad\.gradle\caches\6.2\md-supplier)" [_thread_blocked, id=16372, stack(0x0000000026ac0000,0x0000000026bc0000)]
  0x00000000217de000 JavaThread "Cache worker for file hash cache (E:\workspace\reactnative\servatafarinan\android\.gradle\6.2\fileHashes)" [_thread_blocked, id=13652, stack(0x00000000283c0000,0x00000000284c0000)]
  0x00000000217de800 JavaThread "Cache worker for checksums cache (E:\workspace\reactnative\servatafarinan\android\.gradle\checksums)" [_thread_blocked, id=15188, stack(0x0000000027ff0000,0x00000000280f0000)]
  0x00000000217e0000 JavaThread "Cache worker for file hash cache (C:\Users\Mohammad\.gradle\caches\6.2\fileHashes)" [_thread_blocked, id=2316, stack(0x0000000024620000,0x0000000024720000)]
  0x00000000217e1800 JavaThread "File lock request listener" [_thread_in_native, id=15868, stack(0x0000000024520000,0x0000000024620000)]
  0x00000000217df800 JavaThread "Cache worker for journal cache (C:\Users\Mohammad\.gradle\caches\journal-1)" [_thread_blocked, id=1636, stack(0x0000000024420000,0x0000000024520000)]
  0x000000001f908000 JavaThread "Thread-9" [_thread_blocked, id=11292, stack(0x0000000023150000,0x0000000023250000)]
  0x000000001f903000 JavaThread "Stdin handler" [_thread_blocked, id=3188, stack(0x0000000022f50000,0x0000000023050000)]
  0x000000001f902800 JavaThread "Asynchronous log dispatcher for DefaultDaemonConnection: socket connection from /127.0.0.1:53125 to /127.0.0.1:53126" [_thread_blocked, id=14664, stack(0x0000000022e50000,0x0000000022f50000)]
  0x0000000021715000 JavaThread "Daemon worker" [_thread_in_native, id=13140, stack(0x0000000022d50000,0x0000000022e50000)]
  0x0000000021714800 JavaThread "Cancel handler" [_thread_blocked, id=12156, stack(0x0000000022a50000,0x0000000022b50000)]
  0x0000000021859000 JavaThread "Handler for socket connection from /127.0.0.1:53125 to /127.0.0.1:53126" [_thread_in_native, id=7048, stack(0x0000000022950000,0x0000000022a50000)]
  0x0000000021114800 JavaThread "Daemon" [_thread_blocked, id=6312, stack(0x0000000022850000,0x0000000022950000)]
  0x0000000021b20800 JavaThread "Daemon periodic checks" [_thread_blocked, id=15560, stack(0x0000000022750000,0x0000000022850000)]
  0x0000000021939000 JavaThread "Incoming local TCP Connector on port 53125" [_thread_in_native, id=4892, stack(0x0000000022510000,0x0000000022610000)]
  0x000000002072b800 JavaThread "Daemon health stats" [_thread_blocked, id=15608, stack(0x0000000021ed0000,0x0000000021fd0000)]
  0x000000001f89b800 JavaThread "Service Thread" daemon [_thread_blocked, id=4708, stack(0x0000000020500000,0x0000000020600000)]
  0x000000001f887800 JavaThread "C1 CompilerThread3" daemon [_thread_blocked, id=14784, stack(0x0000000020400000,0x0000000020500000)]
  0x000000001f884000 JavaThread "C2 CompilerThread2" daemon [_thread_in_native, id=14600, stack(0x0000000020300000,0x0000000020400000)]
=>0x000000001f831000 JavaThread "C2 CompilerThread1" daemon [_thread_in_native, id=11864, stack(0x0000000020200000,0x0000000020300000)]
  0x000000001f82e000 JavaThread "C2 CompilerThread0" daemon [_thread_in_native, id=15944, stack(0x0000000020100000,0x0000000020200000)]
  0x000000001f82a800 JavaThread "Attach Listener" daemon [_thread_blocked, id=13088, stack(0x0000000020000000,0x0000000020100000)]
  0x000000001f829000 JavaThread "Signal Dispatcher" daemon [_thread_blocked, id=7960, stack(0x000000001ff00000,0x0000000020000000)]
  0x000000001f820800 JavaThread "Finalizer" daemon [_thread_blocked, id=1720, stack(0x000000001fd00000,0x000000001fe00000)]
  0x000000001da2d800 JavaThread "Reference Handler" daemon [_thread_blocked, id=2696, stack(0x000000001fc00000,0x000000001fd00000)]
  0x0000000002b72800 JavaThread "main" [_thread_blocked, id=10416, stack(0x0000000002a70000,0x0000000002b70000)]

Other Threads:
  0x000000001da29000 VMThread [stack: 0x000000001f700000,0x000000001f800000] [id=368]
  0x000000001f8a1000 WatcherThread [stack: 0x0000000020600000,0x0000000020700000] [id=10436]

VM state:not at safepoint (normal execution)

VM Mutex/Monitor currently owned by a thread: None

heap address: 0x00000006a0000000, size: 4608 MB, Compressed Oops mode: Zero based, Oop shift amount: 3
Narrow klass base: 0x0000000000000000, Narrow klass shift: 3
Compressed class space size: 1073741824 Address: 0x00000007c0000000

Heap:
 PSYoungGen      total 167936K, used 102490K [0x0000000760000000, 0x000000076b400000, 0x00000007c0000000)
  eden space 154624K, 58% used [0x0000000760000000,0x0000000765865118,0x0000000769700000)
  from space 13312K, 89% used [0x000000076a600000,0x000000076b1b1a18,0x000000076b300000)
  to   space 14848K, 0% used [0x0000000769700000,0x0000000769700000,0x000000076a580000)
 ParOldGen       total 58880K, used 15947K [0x00000006a0000000, 0x00000006a3980000, 0x0000000760000000)
  object space 58880K, 27% used [0x00000006a0000000,0x00000006a0f92d00,0x00000006a3980000)
 Metaspace       used 47956K, capacity 49918K, committed 50176K, reserved 1091584K
  class space    used 6601K, capacity 7107K, committed 7168K, reserved 1048576K

Card table byte_map: [0x0000000012030000,0x0000000012940000] byte_map_base: 0x000000000eb30000

Marking Bits: (ParMarkBitMap*) 0x000000006a975ce0
 Begin Bits: [0x0000000013740000, 0x0000000017f40000)
 End Bits:   [0x0000000017f40000, 0x000000001c740000)

Polling page: 0x0000000000da0000

CodeCache: size=245760Kb used=14912Kb max_used=14912Kb free=230847Kb
 bounds [0x0000000002c70000, 0x0000000003b10000, 0x0000000011c70000]
 total_blobs=4991 nmethods=4216 adapters=686
 compilation: enabled

Compilation events (10 events):
Event: 76.613 Thread 0x000000001f887800 4672       3       org.codehaus.groovy.runtime.metaclass.MetaMethodIndex$Header::<init> (26 bytes)
Event: 76.614 Thread 0x000000001f887800 nmethod 4672 0x0000000003ae6290 code [0x0000000003ae6400, 0x0000000003ae66a8]
Event: 76.614 Thread 0x000000001f887800 4673       3       groovy.lang.MetaClassImpl::getNewMetaMethods (18 bytes)
Event: 76.614 Thread 0x000000001f887800 nmethod 4673 0x0000000003ac6310 code [0x0000000003ac6480, 0x0000000003ac66e8]
Event: 76.636 Thread 0x000000001f887800 4674       1       org.codehaus.groovy.runtime.metaclass.NewStaticMetaMethod::isStatic (2 bytes)
Event: 76.636 Thread 0x000000001f887800 nmethod 4674 0x0000000003aed6d0 code [0x0000000003aed820, 0x0000000003aed930]
Event: 76.645 Thread 0x000000001f887800 4676       3       org.gradle.internal.metaobject.BeanDynamicObject$MetaClassAdapter::inferTypes (60 bytes)
Event: 76.646 Thread 0x000000001f887800 nmethod 4676 0x0000000003aecc50 code [0x0000000003aecde0, 0x0000000003aed490]
Event: 76.646 Thread 0x000000001f887800 4677       1       org.codehaus.groovy.reflection.stdclasses.ObjectCachedClass::isAssignableFrom (2 bytes)
Event: 76.647 Thread 0x000000001f887800 nmethod 4677 0x0000000003aec990 code [0x0000000003aecae0, 0x0000000003aecbf0]

GC Heap History (10 events):
Event: 60.890 GC heap before
{Heap before GC invocations=10 (full 1):
 PSYoungGen      total 73216K, used 67276K [0x0000000760000000, 0x0000000765300000, 0x00000007c0000000)
  eden space 63488K, 100% used [0x0000000760000000,0x0000000763e00000,0x0000000763e00000)
  from space 9728K, 38% used [0x0000000764980000,0x0000000764d33020,0x0000000765300000)
  to   space 10752K, 0% used [0x0000000763e00000,0x0000000763e00000,0x0000000764880000)
 ParOldGen       total 45568K, used 6570K [0x00000006a0000000, 0x00000006a2c80000, 0x0000000760000000)
  object space 45568K, 14% used [0x00000006a0000000,0x00000006a066aa10,0x00000006a2c80000)
 Metaspace       used 30762K, capacity 31610K, committed 31744K, reserved 1077248K
  class space    used 4247K, capacity 4499K, committed 4608K, reserved 1048576K
Event: 61.393 GC heap after
Heap after GC invocations=10 (full 1):
 PSYoungGen      total 74240K, used 9106K [0x0000000760000000, 0x0000000767880000, 0x00000007c0000000)
  eden space 63488K, 0% used [0x0000000760000000,0x0000000760000000,0x0000000763e00000)
  from space 10752K, 84% used [0x0000000763e00000,0x00000007646e4b50,0x0000000764880000)
  to   space 11776K, 0% used [0x0000000766d00000,0x0000000766d00000,0x0000000767880000)
 ParOldGen       total 45568K, used 6578K [0x00000006a0000000, 0x00000006a2c80000, 0x0000000760000000)
  object space 45568K, 14% used [0x00000006a0000000,0x00000006a066ca10,0x00000006a2c80000)
 Metaspace       used 30762K, capacity 31610K, committed 31744K, reserved 1077248K
  class space    used 4247K, capacity 4499K, committed 4608K, reserved 1048576K
}
Event: 64.485 GC heap before
{Heap before GC invocations=11 (full 1):
 PSYoungGen      total 74240K, used 72594K [0x0000000760000000, 0x0000000767880000, 0x00000007c0000000)
  eden space 63488K, 100% used [0x0000000760000000,0x0000000763e00000,0x0000000763e00000)
  from space 10752K, 84% used [0x0000000763e00000,0x00000007646e4b50,0x0000000764880000)
  to   space 11776K, 0% used [0x0000000766d00000,0x0000000766d00000,0x0000000767880000)
 ParOldGen       total 45568K, used 6578K [0x00000006a0000000, 0x00000006a2c80000, 0x0000000760000000)
  object space 45568K, 14% used [0x00000006a0000000,0x00000006a066ca10,0x00000006a2c80000)
 Metaspace       used 33803K, capacity 34826K, committed 35072K, reserved 1079296K
  class space    used 4759K, capacity 5050K, committed 5120K, reserved 1048576K
Event: 66.204 GC heap after
Heap after GC invocations=11 (full 1):
 PSYoungGen      total 110592K, used 10732K [0x0000000760000000, 0x0000000767b80000, 0x00000007c0000000)
  eden space 98816K, 0% used [0x0000000760000000,0x0000000760000000,0x0000000766080000)
  from space 11776K, 91% used [0x0000000766d00000,0x000000076777b0a8,0x0000000767880000)
  to   space 12800K, 0% used [0x0000000766080000,0x0000000766080000,0x0000000766d00000)
 ParOldGen       total 45568K, used 7644K [0x00000006a0000000, 0x00000006a2c80000, 0x0000000760000000)
  object space 45568K, 16% used [0x00000006a0000000,0x00000006a0777140,0x00000006a2c80000)
 Metaspace       used 33803K, capacity 34826K, committed 35072K, reserved 1079296K
  class space    used 4759K, capacity 5050K, committed 5120K, reserved 1048576K
}
Event: 66.347 GC heap before
{Heap before GC invocations=12 (full 1):
 PSYoungGen      total 110592K, used 20252K [0x0000000760000000, 0x0000000767b80000, 0x00000007c0000000)
  eden space 98816K, 9% used [0x0000000760000000,0x000000076094c108,0x0000000766080000)
  from space 11776K, 91% used [0x0000000766d00000,0x000000076777b0a8,0x0000000767880000)
  to   space 12800K, 0% used [0x0000000766080000,0x0000000766080000,0x0000000766d00000)
 ParOldGen       total 45568K, used 7644K [0x00000006a0000000, 0x00000006a2c80000, 0x0000000760000000)
  object space 45568K, 16% used [0x00000006a0000000,0x00000006a0777140,0x00000006a2c80000)
 Metaspace       used 34301K, capacity 35316K, committed 35496K, reserved 1079296K
  class space    used 4825K, capacity 5105K, committed 5120K, reserved 1048576K
Event: 66.448 GC heap after
Heap after GC invocations=12 (full 1):
 PSYoungGen      total 111616K, used 816K [0x0000000760000000, 0x000000076b300000, 0x00000007c0000000)
  eden space 98816K, 0% used [0x0000000760000000,0x0000000760000000,0x0000000766080000)
  from space 12800K, 6% used [0x0000000766080000,0x000000076614c2b8,0x0000000766d00000)
  to   space 13312K, 0% used [0x000000076a600000,0x000000076a600000,0x000000076b300000)
 ParOldGen       total 45568K, used 15598K [0x00000006a0000000, 0x00000006a2c80000, 0x0000000760000000)
  object space 45568K, 34% used [0x00000006a0000000,0x00000006a0f3bbb0,0x00000006a2c80000)
 Metaspace       used 34301K, capacity 35316K, committed 35496K, reserved 1079296K
  class space    used 4825K, capacity 5105K, committed 5120K, reserved 1048576K
}
Event: 66.448 GC heap before
{Heap before GC invocations=13 (full 2):
 PSYoungGen      total 111616K, used 816K [0x0000000760000000, 0x000000076b300000, 0x00000007c0000000)
  eden space 98816K, 0% used [0x0000000760000000,0x0000000760000000,0x0000000766080000)
  from space 12800K, 6% used [0x0000000766080000,0x000000076614c2b8,0x0000000766d00000)
  to   space 13312K, 0% used [0x000000076a600000,0x000000076a600000,0x000000076b300000)
 ParOldGen       total 45568K, used 15598K [0x00000006a0000000, 0x00000006a2c80000, 0x0000000760000000)
  object space 45568K, 34% used [0x00000006a0000000,0x00000006a0f3bbb0,0x00000006a2c80000)
 Metaspace       used 34301K, capacity 35316K, committed 35496K, reserved 1079296K
  class space    used 4825K, capacity 5105K, committed 5120K, reserved 1048576K
Event: 67.447 GC heap after
Heap after GC invocations=13 (full 2):
 PSYoungGen      total 111616K, used 0K [0x0000000760000000, 0x000000076b300000, 0x00000007c0000000)
  eden space 98816K, 0% used [0x0000000760000000,0x0000000760000000,0x0000000766080000)
  from space 12800K, 0% used [0x0000000766080000,0x0000000766080000,0x0000000766d00000)
  to   space 13312K, 0% used [0x000000076a600000,0x000000076a600000,0x000000076b300000)
 ParOldGen       total 58880K, used 15939K [0x00000006a0000000, 0x00000006a3980000, 0x0000000760000000)
  object space 58880K, 27% used [0x00000006a0000000,0x00000006a0f90d00,0x00000006a3980000)
 Metaspace       used 34301K, capacity 35316K, committed 35496K, reserved 1079296K
  class space    used 4825K, capacity 5105K, committed 5120K, reserved 1048576K
}
Event: 73.370 GC heap before
{Heap before GC invocations=14 (full 2):
 PSYoungGen      total 111616K, used 98816K [0x0000000760000000, 0x000000076b300000, 0x00000007c0000000)
  eden space 98816K, 100% used [0x0000000760000000,0x0000000766080000,0x0000000766080000)
  from space 12800K, 0% used [0x0000000766080000,0x0000000766080000,0x0000000766d00000)
  to   space 13312K, 0% used [0x000000076a600000,0x000000076a600000,0x000000076b300000)
 ParOldGen       total 58880K, used 15939K [0x00000006a0000000, 0x00000006a3980000, 0x0000000760000000)
  object space 58880K, 27% used [0x00000006a0000000,0x00000006a0f90d00,0x00000006a3980000)
 Metaspace       used 42925K, capacity 44692K, committed 44800K, reserved 1087488K
  class space    used 5943K, capacity 6383K, committed 6400K, reserved 1048576K
Event: 73.532 GC heap after
Heap after GC invocations=14 (full 2):
 PSYoungGen      total 167936K, used 11974K [0x0000000760000000, 0x000000076b400000, 0x00000007c0000000)
  eden space 154624K, 0% used [0x0000000760000000,0x0000000760000000,0x0000000769700000)
  from space 13312K, 89% used [0x000000076a600000,0x000000076b1b1a18,0x000000076b300000)
  to   space 14848K, 0% used [0x0000000769700000,0x0000000769700000,0x000000076a580000)
 ParOldGen       total 58880K, used 15947K [0x00000006a0000000, 0x00000006a3980000, 0x0000000760000000)
  object space 58880K, 27% used [0x00000006a0000000,0x00000006a0f92d00,0x00000006a3980000)
 Metaspace       used 42925K, capacity 44692K, committed 44800K, reserved 1087488K
  class space    used 5943K, capacity 6383K, committed 6400K, reserved 1048576K
}

Deoptimization events (10 events):
Event: 75.188 Thread 0x0000000021715000 Uncommon trap: reason=unstable_if action=reinterpret pc=0x0000000002e8ca04 method=org.gradle.internal.reflect.PropertyAccessorType.of(Ljava/lang/reflect/Method;)Lorg/gradle/internal/reflect/PropertyAccessorType; @ 56
Event: 76.002 Thread 0x0000000021715000 Uncommon trap: reason=bimorphic action=maybe_recompile pc=0x0000000003964e30 method=java.util.Hashtable.get(Ljava/lang/Object;)Ljava/lang/Object; @ 6
Event: 76.002 Thread 0x0000000021715000 Uncommon trap: reason=bimorphic action=maybe_recompile pc=0x0000000003964e30 method=java.util.Hashtable.get(Ljava/lang/Object;)Ljava/lang/Object; @ 6
Event: 76.002 Thread 0x0000000021715000 Uncommon trap: reason=bimorphic action=maybe_recompile pc=0x0000000003964e30 method=java.util.Hashtable.get(Ljava/lang/Object;)Ljava/lang/Object; @ 6
Event: 76.002 Thread 0x0000000021715000 Uncommon trap: reason=bimorphic action=maybe_recompile pc=0x0000000003964e30 method=java.util.Hashtable.get(Ljava/lang/Object;)Ljava/lang/Object; @ 6
Event: 76.074 Thread 0x0000000021715000 Uncommon trap: reason=unstable_if action=reinterpret pc=0x0000000002e47110 method=java.lang.String.replace(CC)Ljava/lang/String; @ 2
Event: 76.119 Thread 0x0000000021715000 Uncommon trap: reason=unstable_if action=reinterpret pc=0x00000000036889d8 method=groovy.lang.MetaClassImpl.checkIfStdMethod(Lgroovy/lang/MetaMethod;)V @ 55
Event: 76.122 Thread 0x0000000021715000 Uncommon trap: reason=unstable_if action=reinterpret pc=0x0000000003a863fc method=org.codehaus.groovy.runtime.metaclass.MetaMethodIndex.copyNonPrivateNonNewMetaMethods(Lorg/codehaus/groovy/runtime/metaclass/MetaMethodIndex$Entry;Lorg/codehaus/groovy/runti
Event: 76.123 Thread 0x0000000021715000 Uncommon trap: reason=unstable_if action=reinterpret pc=0x00000000035e1144 method=groovy.lang.MetaClassImpl$1MOPIter.methodNameAction(Ljava/lang/Class;Lorg/codehaus/groovy/runtime/metaclass/MetaMethodIndex$Entry;)V @ 182
Event: 76.258 Thread 0x0000000021715000 Uncommon trap: reason=bimorphic action=maybe_recompile pc=0x0000000003502a98 method=java.util.AbstractCollection.addAll(Ljava/util/Collection;)Z @ 29

Classes redefined (0 events):
No events

Internal exceptions (10 events):
Event: 76.615 Thread 0x0000000021715000 Exception <a 'java/lang/ClassNotFoundException': com/android/build/gradle/internal/dsl/SigningConfig_DecoratedBeanInfo> (0x0000000765481858) thrown at [C:\re\workspace\8-2-build-windows-amd64-cygwin\jdk8u221\13320\hotspot\src\share\vm\classfile\systemDict
Event: 76.616 Thread 0x0000000021715000 Exception <a 'java/lang/ClassNotFoundException': com/android/build/gradle/internal/dsl/SigningConfigBeanInfo> (0x000000076549c9e8) thrown at [C:\re\workspace\8-2-build-windows-amd64-cygwin\jdk8u221\13320\hotspot\src\share\vm\classfile\systemDictionary.cpp
Event: 76.617 Thread 0x0000000021715000 Exception <a 'java/lang/ClassNotFoundException': com/android/builder/signing/DefaultSigningConfigBeanInfo> (0x00000007654b6ce8) thrown at [C:\re\workspace\8-2-build-windows-amd64-cygwin\jdk8u221\13320\hotspot\src\share\vm\classfile\systemDictionary.cpp, l
Event: 76.617 Thread 0x0000000021715000 Exception <a 'java/lang/ClassNotFoundException': com/android/builder/signing/DefaultSigningConfigCustomizer> (0x00000007654d1020) thrown at [C:\re\workspace\8-2-build-windows-amd64-cygwin\jdk8u221\13320\hotspot\src\share\vm\classfile\systemDictionary.cpp,
Event: 76.625 Thread 0x0000000021715000 Exception <a 'java/lang/ClassNotFoundException': com/android/build/gradle/internal/dsl/SigningConfigCustomizer> (0x00000007654fe390) thrown at [C:\re\workspace\8-2-build-windows-amd64-cygwin\jdk8u221\13320\hotspot\src\share\vm\classfile\systemDictionary.c
Event: 76.626 Thread 0x0000000021715000 Exception <a 'java/lang/ClassNotFoundException': com/android/build/gradle/internal/dsl/SigningConfig_DecoratedCustomizer> (0x00000007655320a0) thrown at [C:\re\workspace\8-2-build-windows-amd64-cygwin\jdk8u221\13320\hotspot\src\share\vm\classfile\systemDi
Event: 76.639 Thread 0x0000000021715000 Exception <a 'java/lang/ClassNotFoundException': build_8sg9c7ufbqnmgtbts1c8u20n8$_run_closure1$_closure7BeanInfo> (0x000000076558b6b8) thrown at [C:\re\workspace\8-2-build-windows-amd64-cygwin\jdk8u221\13320\hotspot\src\share\vm\classfile\systemDictionary
Event: 76.640 Thread 0x0000000021715000 Exception <a 'java/lang/ClassNotFoundException': build_8sg9c7ufbqnmgtbts1c8u20n8$_run_closure1$_closure7Customizer> (0x000000076559d058) thrown at [C:\re\workspace\8-2-build-windows-amd64-cygwin\jdk8u221\13320\hotspot\src\share\vm\classfile\systemDictiona
Event: 76.643 Thread 0x0000000021715000 Exception <a 'java/lang/ClassNotFoundException': build_8sg9c7ufbqnmgtbts1c8u20n8$_run_closure1BeanInfo> (0x00000007655cf410) thrown at [C:\re\workspace\8-2-build-windows-amd64-cygwin\jdk8u221\13320\hotspot\src\share\vm\classfile\systemDictionary.cpp, line
Event: 76.644 Thread 0x0000000021715000 Exception <a 'java/lang/ClassNotFoundException': build_8sg9c7ufbqnmgtbts1c8u20n8$_run_closure1Customizer> (0x00000007655e0490) thrown at [C:\re\workspace\8-2-build-windows-amd64-cygwin\jdk8u221\13320\hotspot\src\share\vm\classfile\systemDictionary.cpp, li

Events (10 events):
Event: 76.640 loading class build_8sg9c7ufbqnmgtbts1c8u20n8$_run_closure1$_closure7Customizer
Event: 76.640 loading class build_8sg9c7ufbqnmgtbts1c8u20n8$_run_closure1$_closure7Customizer done
Event: 76.643 loading class build_8sg9c7ufbqnmgtbts1c8u20n8$_run_closure1BeanInfo
Event: 76.643 loading class build_8sg9c7ufbqnmgtbts1c8u20n8$_run_closure1BeanInfo done
Event: 76.643 loading class build_8sg9c7ufbqnmgtbts1c8u20n8$_run_closure1BeanInfo
Event: 76.643 loading class build_8sg9c7ufbqnmgtbts1c8u20n8$_run_closure1BeanInfo done
Event: 76.644 loading class build_8sg9c7ufbqnmgtbts1c8u20n8$_run_closure1Customizer
Event: 76.644 loading class build_8sg9c7ufbqnmgtbts1c8u20n8$_run_closure1Customizer done
Event: 76.644 loading class build_8sg9c7ufbqnmgtbts1c8u20n8$_run_closure1Customizer
Event: 76.644 loading class build_8sg9c7ufbqnmgtbts1c8u20n8$_run_closure1Customizer done


Dynamic libraries:
0x00007ff636760000 - 0x00007ff636797000 	C:\Program Files\Java\jdk1.8.0_221\bin\java.exe
0x00007ffc98080000 - 0x00007ffc98270000 	C:\WINDOWS\SYSTEM32\ntdll.dll
0x00007ffc97c20000 - 0x00007ffc97cd2000 	C:\WINDOWS\System32\KERNEL32.DLL
0x00007ffc95060000 - 0x00007ffc95305000 	C:\WINDOWS\System32\KERNELBASE.dll
0x00007ffc97f90000 - 0x00007ffc98033000 	C:\WINDOWS\System32\ADVAPI32.dll
0x00007ffc97560000 - 0x00007ffc975fe000 	C:\WINDOWS\System32\msvcrt.dll
0x00007ffc96280000 - 0x00007ffc96317000 	C:\WINDOWS\System32\sechost.dll
0x00007ffc979a0000 - 0x00007ffc97ac0000 	C:\WINDOWS\System32\RPCRT4.dll
0x00007ffc97ce0000 - 0x00007ffc97e74000 	C:\WINDOWS\System32\USER32.dll
0x00007ffc95970000 - 0x00007ffc95991000 	C:\WINDOWS\System32\win32u.dll
0x00007ffc961b0000 - 0x00007ffc961d6000 	C:\WINDOWS\System32\GDI32.dll
0x00007ffc954b0000 - 0x00007ffc95646000 	C:\WINDOWS\System32\gdi32full.dll
0x00007ffc95650000 - 0x00007ffc956ee000 	C:\WINDOWS\System32\msvcp_win.dll
0x00007ffc95740000 - 0x00007ffc9583a000 	C:\WINDOWS\System32\ucrtbase.dll
0x00007ffc85260000 - 0x00007ffc854e4000 	C:\WINDOWS\WinSxS\amd64_microsoft.windows.common-controls_6595b64144ccf1df_6.0.18362.1198_none_9e820b57e45ad92f\COMCTL32.dll
0x00007ffc97600000 - 0x00007ffc97935000 	C:\WINDOWS\System32\combase.dll
0x00007ffc95840000 - 0x00007ffc958c0000 	C:\WINDOWS\System32\bcryptPrimitives.dll
0x00007ffc97e80000 - 0x00007ffc97eae000 	C:\WINDOWS\System32\IMM32.DLL
0x000000006aa00000 - 0x000000006aad2000 	C:\Program Files\Java\jdk1.8.0_221\jre\bin\msvcr100.dll
0x000000006a150000 - 0x000000006a9f5000 	C:\Program Files\Java\jdk1.8.0_221\jre\bin\server\jvm.dll
0x00007ffc96320000 - 0x00007ffc96328000 	C:\WINDOWS\System32\PSAPI.DLL
0x00007ffc92ff0000 - 0x00007ffc92ff9000 	C:\WINDOWS\SYSTEM32\WSOCK32.dll
0x00007ffc92f90000 - 0x00007ffc92fb4000 	C:\WINDOWS\SYSTEM32\WINMM.dll
0x00007ffc97f20000 - 0x00007ffc97f8f000 	C:\WINDOWS\System32\WS2_32.dll
0x00007ffc92f30000 - 0x00007ffc92f5d000 	C:\WINDOWS\SYSTEM32\WINMMBASE.dll
0x00007ffc956f0000 - 0x00007ffc9573a000 	C:\WINDOWS\System32\cfgmgr32.dll
0x00007ffc89c60000 - 0x00007ffc89c6a000 	C:\WINDOWS\SYSTEM32\VERSION.dll
0x00007ffc7fdc0000 - 0x00007ffc7fdcf000 	C:\Program Files\Java\jdk1.8.0_221\jre\bin\verify.dll
0x00007ffc7a0e0000 - 0x00007ffc7a109000 	C:\Program Files\Java\jdk1.8.0_221\jre\bin\java.dll
0x00007ffc7cf00000 - 0x00007ffc7cf16000 	C:\Program Files\Java\jdk1.8.0_221\jre\bin\zip.dll
0x00007ffc964b0000 - 0x00007ffc96b97000 	C:\WINDOWS\System32\SHELL32.dll
0x00007ffc96400000 - 0x00007ffc964a9000 	C:\WINDOWS\System32\shcore.dll
0x00007ffc959a0000 - 0x00007ffc96121000 	C:\WINDOWS\System32\windows.storage.dll
0x00007ffc94fb0000 - 0x00007ffc94fd3000 	C:\WINDOWS\System32\profapi.dll
0x00007ffc94f40000 - 0x00007ffc94f8a000 	C:\WINDOWS\System32\powrprof.dll
0x00007ffc94f30000 - 0x00007ffc94f40000 	C:\WINDOWS\System32\UMPDC.dll
0x00007ffc96ba0000 - 0x00007ffc96bf2000 	C:\WINDOWS\System32\shlwapi.dll
0x00007ffc94fe0000 - 0x00007ffc94ff1000 	C:\WINDOWS\System32\kernel.appcore.dll
0x00007ffc95310000 - 0x00007ffc95327000 	C:\WINDOWS\System32\cryptsp.dll
0x00007ffc759d0000 - 0x00007ffc759ea000 	C:\Program Files\Java\jdk1.8.0_221\jre\bin\net.dll
0x00007ffc85da0000 - 0x00007ffc85f76000 	C:\WINDOWS\SYSTEM32\urlmon.dll
0x00007ffc855a0000 - 0x00007ffc85847000 	C:\WINDOWS\SYSTEM32\iertutil.dll
0x00007ffc94950000 - 0x00007ffc9495c000 	C:\WINDOWS\SYSTEM32\CRYPTBASE.DLL
0x00007ffc94780000 - 0x00007ffc947e7000 	C:\WINDOWS\system32\mswsock.dll
0x00007ffc75760000 - 0x00007ffc75772000 	C:\Program Files\Java\jdk1.8.0_221\jre\bin\nio.dll
0x00007ffc7a110000 - 0x00007ffc7a13a000 	C:\Users\Mohammad\.gradle\native\36\windows-amd64\native-platform.dll
0x00007ffc7d7d0000 - 0x00007ffc7d7dd000 	C:\Program Files\Java\jdk1.8.0_221\jre\bin\management.dll
0x00007ffc942f0000 - 0x00007ffc94323000 	C:\WINDOWS\system32\rsaenh.dll
0x00007ffc95480000 - 0x00007ffc954a6000 	C:\WINDOWS\System32\bcrypt.dll
0x00007ffc94e50000 - 0x00007ffc94e75000 	C:\WINDOWS\SYSTEM32\USERENV.dll
0x00007ffc94490000 - 0x00007ffc944ca000 	C:\WINDOWS\SYSTEM32\IPHLPAPI.DLL
0x00007ffc96330000 - 0x00007ffc96338000 	C:\WINDOWS\System32\NSI.dll
0x00007ffc8e8d0000 - 0x00007ffc8e8e6000 	C:\WINDOWS\SYSTEM32\dhcpcsvc6.DLL
0x00007ffc8f210000 - 0x00007ffc8f22c000 	C:\WINDOWS\SYSTEM32\dhcpcsvc.DLL
0x00007ffc944d0000 - 0x00007ffc9459b000 	C:\WINDOWS\SYSTEM32\DNSAPI.dll

VM Arguments:
jvm_args: -Xmx4608m -Dfile.encoding=windows-1252 -Duser.country=US -Duser.language=en -Duser.variant 
java_command: org.gradle.launcher.daemon.bootstrap.GradleDaemon 6.2
java_class_path (initial): C:\Users\Mohammad\.gradle\wrapper\dists\gradle-6.2-all\dvufqs6kielxeao781pmk5huj\gradle-6.2\lib\gradle-launcher-6.2.jar
Launcher Type: SUN_STANDARD

Environment Variables:
CLASSPATH=E:\workspace\reactnative\servatafarinan\android\\gradle\wrapper\gradle-wrapper.jar
PATH=E:\workspace\reactnative\servatafarinan\android\node_modules\.bin;E:\workspace\reactnative\servatafarinan\node_modules\.bin;E:\workspace\reactnative\node_modules\.bin;E:\workspace\node_modules\.bin;E:\node_modules\.bin;C:\Program Files\nodejs;E:\workspace\reactnative\servatafarinan\node_modules\.bin;C:\Python27\;C:\Python27\Scripts;C:\Program Files (x86)\Common Files\Oracle\Java\javapath;C:\WINDOWS\system32;C:\WINDOWS;C:\WINDOWS\System32\Wbem;C:\WINDOWS\System32\WindowsPowerShell\v1.0\;C:\ProgramData\chocolatey\bin;C:\Program Files\nodejs\;E:\Android\sdk\platform-tools;C:\Program Files\Git\cmd;C:\WINDOWS\System32\OpenSSH\;C:\Program Files\Common Files\Autodesk Shared\;C:\Program Files\Microsoft SQL Server\120\Tools\Binn\;C:\Users\Mohammad\AppData\Local\Microsoft\WindowsApps;C:\Program Files\nodejs;C:\Users\Mohammad\AppData\Roaming\npm;C:\Users\Mohammad\AppData\Local\Programs\Microsoft VS Code\bin;
USERNAME=Mohammad
OS=Windows_NT
PROCESSOR_IDENTIFIER=Intel64 Family 6 Model 60 Stepping 3, GenuineIntel



---------------  S Y S T E M  ---------------

OS: Windows 10.0 , 64 bit Build 18362 (10.0.18362.1110)

CPU:total 8 (initial active 8) (4 cores per cpu, 2 threads per core) family 6 model 60 stepping 3, cmov, cx8, fxsr, mmx, sse, sse2, sse3, ssse3, sse4.1, sse4.2, popcnt, avx, avx2, aes, clmul, erms, lzcnt, ht, tsc, tscinvbit, bmi1, bmi2

Memory: 4k page, physical 8302956k(467752k free), swap 33468780k(5980k free)

vm_info: Java HotSpot(TM) 64-Bit Server VM (25.221-b11) for windows-amd64 JRE (1.8.0_221-b11), built on Jul  4 2019 04:39:29 by "java_re" with MS VC++ 10.0 (VS2010)

time: Wed Dec 09 19:28:03 2020
timezone: Iran Standard Time
elapsed time: 76 seconds (0d 0h 1m 16s)

